#
# A fatal error has been detected by the Java Runtime Environment:
#
#  Internal Error (javaClasses.cpp:126), pid=948, tid=9876
#  fatal error: Invalid layout of preloaded class
#
# JRE version:  (8.0_20-b26) (build )
# Java VM: Java HotSpot(TM) 64-Bit Server VM (25.20-b23 mixed mode windows-amd64 compressed oops)
# Failed to write core dump. Minidumps are not enabled by default on client versions of Windows
#
# If you would like to submit a bug report, please visit:
#   http://bugreport.sun.com/bugreport/crash.jsp
#

---------------  T H R E A D  ---------------

Current thread (0x000000000261e000):  JavaThread "Unknown thread" [_thread_in_vm, id=9876, stack(0x00000000026b0000,0x00000000027b0000)]

Stack: [0x00000000026b0000,0x00000000027b0000]
Native frames: (J=compiled Java code, j=interpreted, Vv=VM code, C=native code)
V  [jvm.dll+0x3152fa]
V  [jvm.dll+0x265d03]
V  [jvm.dll+0x266943]
V  [jvm.dll+0x25e1e6]
V  [jvm.dll+0x5e64c]
V  [jvm.dll+0x5e743]
V  [jvm.dll+0x7316a]
V  [jvm.dll+0x734c8]
V  [jvm.dll+0xe3937]
V  [jvm.dll+0xe3cc6]
V  [jvm.dll+0x1f89d7]
V  [jvm.dll+0x229fc4]
V  [jvm.dll+0x14c6f1]
C  [javaw.exe+0x20c6]
C  [javaw.exe+0xc9eb]
C  [javaw.exe+0xca7f]
C  [KERNEL32.DLL+0x16ad]
C  [ntdll.dll+0x54409]


---------------  P R O C E S S  ---------------

Java Threads: ( => current thread )

Other Threads:

=>0x000000000261e000 (exited) JavaThread "Unknown thread" [_thread_in_vm, id=9876, stack(0x00000000026b0000,0x00000000027b0000)]

VM state:not at safepoint (not fully initialized)

VM Mutex/Monitor currently owned by a thread: None

GC Heap History (0 events):
No events

Deoptimization events (0 events):
No events

Internal exceptions (0 events):
No events

Events (10 events):
Event: 0.016 loading class java/lang/CharSequence done
Event: 0.016 loading class java/lang/String done
Event: 0.016 loading class java/lang/Class
Event: 0.016 loading class java/lang/reflect/AnnotatedElement
Event: 0.016 loading class java/lang/reflect/AnnotatedElement done
Event: 0.016 loading class java/lang/reflect/GenericDeclaration
Event: 0.016 loading class java/lang/reflect/GenericDeclaration done
Event: 0.016 loading class java/lang/reflect/Type
Event: 0.016 loading class java/lang/reflect/Type done
Event: 0.016 loading class java/lang/Class done


Dynamic libraries:
0x00007ff7856e0000 - 0x00007ff785714000 	C:\Program Files\Java\jre1.8.0_20\bin\javaw.exe
0x00007fffcdf10000 - 0x00007fffce0b6000 	C:\Windows\SYSTEM32\ntdll.dll
0x00007fffcdc80000 - 0x00007fffcddba000 	C:\Windows\system32\KERNEL32.DLL
0x00007fffcb5e0000 - 0x00007fffcb6ef000 	C:\Windows\system32\KERNELBASE.dll
0x00007fffc9ec0000 - 0x00007fffc9f48000 	C:\Windows\system32\apphelp.dll
0x00007fffc4b40000 - 0x00007fffc4b8f000 	C:\Windows\AppPatch\AppPatch64\AcGenral.DLL
0x00007fffcddc0000 - 0x00007fffcde67000 	C:\Windows\system32\msvcrt.dll
0x00007fffcb0f0000 - 0x00007fffcb11b000 	C:\Windows\SYSTEM32\SspiCli.dll
0x00007fffcd200000 - 0x00007fffcd251000 	C:\Windows\system32\SHLWAPI.dll
0x00007fffcbb10000 - 0x00007fffcbc81000 	C:\Windows\system32\USER32.dll
0x00007fffcda40000 - 0x00007fffcdbb8000 	C:\Windows\system32\ole32.dll
0x00007fffcbce0000 - 0x00007fffcd0ef000 	C:\Windows\system32\SHELL32.dll
0x00007fffca920000 - 0x00007fffca93e000 	C:\Windows\SYSTEM32\USERENV.dll
0x00007fffcd150000 - 0x00007fffcd1f5000 	C:\Windows\system32\ADVAPI32.dll
0x00007fffbdb90000 - 0x00007fffbdbab000 	C:\Windows\SYSTEM32\MPR.dll
0x00007fffcd260000 - 0x00007fffcd397000 	C:\Windows\system32\RPCRT4.dll
0x00007fffcd0f0000 - 0x00007fffcd147000 	C:\Windows\SYSTEM32\sechost.dll
0x00007fffcb7a0000 - 0x00007fffcb976000 	C:\Windows\SYSTEM32\combase.dll
0x00007fffcd610000 - 0x00007fffcd754000 	C:\Windows\system32\GDI32.dll
0x00007fffcb290000 - 0x00007fffcb2a4000 	C:\Windows\SYSTEM32\profapi.dll
0x00007fffc98f0000 - 0x00007fffc998f000 	C:\Windows\SYSTEM32\SHCORE.dll
0x00007fffcbc90000 - 0x00007fffcbcc4000 	C:\Windows\system32\IMM32.DLL
0x00007fffcd760000 - 0x00007fffcd899000 	C:\Windows\system32\MSCTF.dll
0x00007fffc8340000 - 0x00007fffc859a000 	C:\Windows\WinSxS\amd64_microsoft.windows.common-controls_6595b64144ccf1df_6.0.9600.17031_none_6242a4b3ecbb55a1\COMCTL32.dll
0x0000000068ae0000 - 0x0000000068bb2000 	C:\Program Files\Java\jre1.8.0_20\bin\msvcr100.dll
0x0000000067e90000 - 0x00000000686e8000 	C:\Program Files\Java\jre1.8.0_20\bin\server\jvm.dll
0x00007fffc7250000 - 0x00007fffc7259000 	C:\Windows\SYSTEM32\WSOCK32.dll
0x00007fffc53a0000 - 0x00007fffc53bf000 	C:\Windows\SYSTEM32\WINMM.dll
0x00007fffcd580000 - 0x00007fffcd587000 	C:\Windows\system32\PSAPI.DLL
0x00007fffcba00000 - 0x00007fffcba58000 	C:\Windows\system32\WS2_32.dll
0x00007fffc5310000 - 0x00007fffc533a000 	C:\Windows\SYSTEM32\WINMMBASE.dll
0x00007fffcbcd0000 - 0x00007fffcbcd9000 	C:\Windows\system32\NSI.dll
0x00007fffcb360000 - 0x00007fffcb3aa000 	C:\Windows\SYSTEM32\cfgmgr32.dll
0x00007fffca120000 - 0x00007fffca146000 	C:\Windows\SYSTEM32\DEVOBJ.dll
0x0000000069060000 - 0x000000006906f000 	C:\Program Files\Java\jre1.8.0_20\bin\verify.dll
0x0000000069030000 - 0x0000000069058000 	C:\Program Files\Java\jre1.8.0_20\bin\java.dll
0x0000000069010000 - 0x0000000069026000 	C:\Program Files\Java\jre1.8.0_20\bin\zip.dll
0x00007fffb92b0000 - 0x00007fffb9438000 	C:\Windows\SYSTEM32\dbghelp.dll

VM Arguments:
jvm_args: -Dnet.sourceforge.cobertura.datafile=C:\Users\Ashutosh Kale\Pictures\.metadata\.plugins\ecobertura.core\cobertura\cobertura.ser -Dfile.encoding=Cp1252 -Xbootclasspath:C:\Users\Ashutosh Kale\Downloads\adt-bundle-windows-x86_64-20140702\adt-bundle-windows-x86_64-20140702\sdk\platforms\android-16\android.jar;C:\Users\Ashutosh Kale\Downloads\adt-bundle-windows-x86_64-20140702\adt-bundle-windows-x86_64-20140702\eclipse\configuration\org.eclipse.osgi\bundles\258\1\.cp\cobertura.jar 
java_command: org.eclipse.jdt.internal.junit.runner.RemoteTestRunner -version 3 -port 51378 -testLoaderClass org.eclipse.jdt.internal.junit.runner.junit3.JUnit3TestLoader -loaderpluginname org.eclipse.jdt.junit.runtime -classNames com.advanchip.mobile_controlledlighting.test.UtilsTest
java_class_path (initial): C:\Users\Ashutosh Kale\Pictures\.metadata\.plugins\ecobertura.core\bin;C:\Users\Ashutosh Kale\Pictures\Mobile-ControlledLighting_28Oct\Mobile-ControlledLighting\Mobile-ControlledLighting\libs\httpmime-4.0.1.jar;C:\Users\Ashutosh Kale\Pictures\Mobile-ControlledLighting_28Oct\Mobile-ControlledLighting\Mobile-ControlledLighting\libs\commons-logging-1.1.2.jar;C:\Users\Ashutosh Kale\Pictures\Mobile-ControlledLighting_28Oct\Mobile-ControlledLighting\Mobile-ControlledLighting\libs\android-support-v4.jar;C:\Users\Ashutosh Kale\Pictures\Mobile-ControlledLighting_28Oct\Mobile-ControlledLighting\Mobile-ControlledLighting\libs\commons-lang-2.6.jar;C:\Users\Ashutosh Kale\Downloads\adt-bundle-windows-x86_64-20140702\adt-bundle-windows-x86_64-20140702\eclipse\configuration\org.eclipse.osgi\bundles\258\1\.cp\cobertura.jar;/C:/Users/Ashutosh Kale/Downloads/adt-bundle-windows-x86_64-20140702/adt-bundle-windows-x86_64-20140702/eclipse/configuration/org.eclipse.osgi/bundles/186/1/.cp/
Launcher Type: SUN_STANDARD

Environment Variables:
PATH=C:/Program Files/Java/jre1.8.0_20/bin/server;C:/Program Files/Java/jre1.8.0_20/bin;C:/Program Files/Java/jre1.8.0_20/lib/amd64;C:\ProgramData\Oracle\Java\javapath;C:\Program Files (x86)\HP SimplePass\x64;C:\Program Files (x86)\HP SimplePass\;;C:\Program Files (x86)\Intel\iCLS Client\;C:\Program Files\Intel\iCLS Client\;C:\Windows\system32;C:\Windows;C:\Windows\System32\Wbem;C:\Windows\System32\WindowsPowerShell\v1.0\;C:\Program Files (x86)\Windows Live\Shared;C:\Program Files\Intel\Intel(R) Management Engine Components\DAL;C:\Program Files\Intel\Intel(R) Management Engine Components\IPT;C:\Program Files (x86)\Intel\Intel(R) Management Engine Components\DAL;C:\Program Files (x86)\Intel\Intel(R) Management Engine Components\IPT;C:\Program Files\Hewlett-Packard\SimplePass\;C:\Users\Ashutosh Kale\Downloads\adt-bundle-windows-x86_64-20140702\adt-bundle-windows-x86_64-20140702\eclipse;
USERNAME=Ashutosh Kale
OS=Windows_NT
PROCESSOR_IDENTIFIER=Intel64 Family 6 Model 60 Stepping 3, GenuineIntel



---------------  S Y S T E M  ---------------

OS: Windows 8.1 , 64 bit Build 9600 

CPU:total 8 (4 cores per cpu, 2 threads per core) family 6 model 60 stepping 3, cmov, cx8, fxsr, mmx, sse, sse2, sse3, ssse3, sse4.1, sse4.2, popcnt, avx, avx2, aes, clmul, erms, lzcnt, ht, tsc, tscinvbit, bmi1, bmi2

Memory: 4k page, physical 8319000k(4361200k free), swap 10858520k(4613988k free)

vm_info: Java HotSpot(TM) 64-Bit Server VM (25.20-b23) for windows-amd64 JRE (1.8.0_20-b26), built on Jul 30 2014 13:51:23 by "java_re" with MS VC++ 10.0 (VS2010)

time: Thu Oct 30 15:43:19 2014
elapsed time: 0 seconds (0d 0h 0m 0s)

